	Babylon.js Exporter version: 1.7.0, Blender version: 2.73 (sub 0)
========= Conversion from Blender to Babylon.js =========
	Python World class constructor completed
	WARNING: No active camera has been assigned, or is not in a currently selected Blender layer
	processing begun of material:  boxCup.Material
	WARNING texture type not currently supported:  NONE, ignored.
	processing begun of material:  boxCup.Material.002
	processing begun of material:  boxCup.Material.003
	processing begun of material:  boxCup.Material.004
	processing begun of material:  boxCup.Material.005
	processing begun of material:  boxCup.Material.006
	processing begun of mesh:  Cube.000
		processing begun of multimaterial:  boxCup.Multimaterial#0
		num positions      :  12
		num normals        :  12
		num uvs            :  0
		num uvs2           :  0
		num colors         :  0
		num indices        :  36
	processing begun of mesh:  Cube.005
		processing begun of multimaterial:  boxCup.Multimaterial#1
		num positions      :  14
		num normals        :  14
		num uvs            :  0
		num uvs2           :  0
		num colors         :  0
		num indices        :  36
	processing begun of mesh:  Cube.004
		processing begun of multimaterial:  boxCup.Multimaterial#2
		num positions      :  14
		num normals        :  14
		num uvs            :  0
		num uvs2           :  0
		num colors         :  0
		num indices        :  36
	processing begun of mesh:  Cube.002
		processing begun of multimaterial:  boxCup.Multimaterial#3
		num positions      :  14
		num normals        :  14
		num uvs            :  0
		num uvs2           :  0
		num colors         :  0
		num indices        :  36
	processing begun of mesh:  Cube.001
		processing begun of multimaterial:  boxCup.Multimaterial#4
		num positions      :  14
		num normals        :  14
		num uvs            :  0
		num uvs2           :  0
		num colors         :  0
		num indices        :  36
========= Writing of scene file started =========
========= Writing of scene file completed =========
========= end of processing =========
